

Started GET "/" for 127.0.0.1 at 2014-09-21 17:54:33 -0700
Processing by Rails::WelcomeController#index as HTML
  Rendered /Library/Ruby/Gems/2.0.0/gems/railties-4.1.4/lib/rails/templates/rails/welcome/index.html.erb (2.9ms)
Completed 200 OK in 72ms (Views: 28.2ms | ActiveRecord: 0.0ms)


Started GET "/rails/info/properties" for 127.0.0.1 at 2014-09-21 17:55:00 -0700
Processing by Rails::InfoController#properties as */*
  Rendered /Library/Ruby/Gems/2.0.0/gems/railties-4.1.4/lib/rails/templates/rails/info/properties.html.erb (1.0ms)
Completed 200 OK in 165ms (Views: 26.0ms | ActiveRecord: 2.0ms)


Started GET "/" for 127.0.0.1 at 2014-09-21 18:03:52 -0700
Processing by WelcomeController#index as HTML
  Rendered welcome/index.html.erb within layouts/application (1.8ms)
Completed 200 OK in 1594ms (Views: 1557.6ms | ActiveRecord: 0.0ms)


Started GET "/assets/application.css?body=1" for 127.0.0.1 at 2014-09-21 18:03:54 -0700


Started GET "/assets/jquery.js?body=1" for 127.0.0.1 at 2014-09-21 18:03:54 -0700


Started GET "/assets/application.js?body=1" for 127.0.0.1 at 2014-09-21 18:03:54 -0700


Started GET "/assets/jquery_ujs.js?body=1" for 127.0.0.1 at 2014-09-21 18:03:54 -0700


Started GET "/assets/welcome.css?body=1" for 127.0.0.1 at 2014-09-21 18:03:54 -0700


Started GET "/assets/turbolinks.js?body=1" for 127.0.0.1 at 2014-09-21 18:03:55 -0700


Started GET "/assets/welcome.js?body=1" for 127.0.0.1 at 2014-09-21 18:03:55 -0700


Started GET "/articles/new" for 127.0.0.1 at 2014-09-21 18:12:35 -0700
Processing by ArticlesController#new as HTML
  Rendered articles/new.html.erb within layouts/application (1.8ms)
Completed 200 OK in 514ms (Views: 478.9ms | ActiveRecord: 0.0ms)


Started GET "/assets/articles.js?body=1" for 127.0.0.1 at 2014-09-21 18:12:36 -0700


Started GET "/assets/application.js?body=1" for 127.0.0.1 at 2014-09-21 18:12:36 -0700


Started GET "/assets/welcome.css?body=1" for 127.0.0.1 at 2014-09-21 18:12:36 -0700


Started GET "/assets/application.css?body=1" for 127.0.0.1 at 2014-09-21 18:12:36 -0700


Started GET "/assets/welcome.js?body=1" for 127.0.0.1 at 2014-09-21 18:12:36 -0700


Started GET "/assets/articles.css?body=1" for 127.0.0.1 at 2014-09-21 18:12:36 -0700


Started GET "/articles/new" for 127.0.0.1 at 2014-09-21 18:13:40 -0700
Processing by ArticlesController#new as HTML
  Rendered articles/new.html.erb within layouts/application (97.1ms)
Completed 200 OK in 174ms (Views: 172.8ms | ActiveRecord: 0.0ms)


Started GET "/assets/application.css?body=1" for 127.0.0.1 at 2014-09-21 18:13:40 -0700


Started GET "/assets/jquery_ujs.js?body=1" for 127.0.0.1 at 2014-09-21 18:13:40 -0700


Started GET "/assets/turbolinks.js?body=1" for 127.0.0.1 at 2014-09-21 18:13:40 -0700


Started GET "/assets/jquery.js?body=1" for 127.0.0.1 at 2014-09-21 18:13:40 -0700


Started GET "/assets/articles.js?body=1" for 127.0.0.1 at 2014-09-21 18:13:40 -0700


Started GET "/assets/welcome.css?body=1" for 127.0.0.1 at 2014-09-21 18:13:40 -0700


Started GET "/assets/welcome.js?body=1" for 127.0.0.1 at 2014-09-21 18:13:40 -0700


Started GET "/assets/articles.css?body=1" for 127.0.0.1 at 2014-09-21 18:13:40 -0700


Started GET "/assets/application.js?body=1" for 127.0.0.1 at 2014-09-21 18:13:40 -0700


Started GET "/articles/new" for 127.0.0.1 at 2014-09-21 18:15:37 -0700
Processing by ArticlesController#new as HTML
  Rendered articles/new.html.erb within layouts/application (3.9ms)
Completed 200 OK in 75ms (Views: 74.0ms | ActiveRecord: 0.0ms)


Started GET "/assets/application.css?body=1" for 127.0.0.1 at 2014-09-21 18:15:37 -0700


Started GET "/assets/welcome.css?body=1" for 127.0.0.1 at 2014-09-21 18:15:37 -0700


Started GET "/assets/jquery_ujs.js?body=1" for 127.0.0.1 at 2014-09-21 18:15:37 -0700


Started GET "/assets/turbolinks.js?body=1" for 127.0.0.1 at 2014-09-21 18:15:37 -0700


Started GET "/assets/application.js?body=1" for 127.0.0.1 at 2014-09-21 18:15:37 -0700


Started GET "/assets/jquery.js?body=1" for 127.0.0.1 at 2014-09-21 18:15:37 -0700


Started GET "/assets/welcome.js?body=1" for 127.0.0.1 at 2014-09-21 18:15:37 -0700


Started GET "/assets/articles.js?body=1" for 127.0.0.1 at 2014-09-21 18:15:37 -0700


Started GET "/assets/articles.css?body=1" for 127.0.0.1 at 2014-09-21 18:15:37 -0700


Started POST "/articles" for 127.0.0.1 at 2014-09-21 18:15:59 -0700

AbstractController::ActionNotFound (The action 'create' could not be found for ArticlesController):
  actionpack (4.1.4) lib/abstract_controller/base.rb:131:in `process'
  actionview (4.1.4) lib/action_view/rendering.rb:30:in `process'
  actionpack (4.1.4) lib/action_controller/metal.rb:196:in `dispatch'
  actionpack (4.1.4) lib/action_controller/metal/rack_delegation.rb:13:in `dispatch'
  actionpack (4.1.4) lib/action_controller/metal.rb:232:in `block in action'
  actionpack (4.1.4) lib/action_dispatch/routing/route_set.rb:82:in `call'
  actionpack (4.1.4) lib/action_dispatch/routing/route_set.rb:82:in `dispatch'
  actionpack (4.1.4) lib/action_dispatch/routing/route_set.rb:50:in `call'
  actionpack (4.1.4) lib/action_dispatch/journey/router.rb:71:in `block in call'
  actionpack (4.1.4) lib/action_dispatch/journey/router.rb:59:in `each'
  actionpack (4.1.4) lib/action_dispatch/journey/router.rb:59:in `call'
  actionpack (4.1.4) lib/action_dispatch/routing/route_set.rb:678:in `call'
  rack (1.5.2) lib/rack/etag.rb:23:in `call'
  rack (1.5.2) lib/rack/conditionalget.rb:35:in `call'
  rack (1.5.2) lib/rack/head.rb:11:in `call'
  actionpack (4.1.4) lib/action_dispatch/middleware/params_parser.rb:27:in `call'
  actionpack (4.1.4) lib/action_dispatch/middleware/flash.rb:254:in `call'
  rack (1.5.2) lib/rack/session/abstract/id.rb:225:in `context'
  rack (1.5.2) lib/rack/session/abstract/id.rb:220:in `call'
  actionpack (4.1.4) lib/action_dispatch/middleware/cookies.rb:560:in `call'
  activerecord (4.1.4) lib/active_record/query_cache.rb:36:in `call'
  activerecord (4.1.4) lib/active_record/connection_adapters/abstract/connection_pool.rb:621:in `call'
  activerecord (4.1.4) lib/active_record/migration.rb:380:in `call'
  actionpack (4.1.4) lib/action_dispatch/middleware/callbacks.rb:29:in `block in call'
  activesupport (4.1.4) lib/active_support/callbacks.rb:82:in `run_callbacks'
  actionpack (4.1.4) lib/action_dispatch/middleware/callbacks.rb:27:in `call'
  actionpack (4.1.4) lib/action_dispatch/middleware/reloader.rb:73:in `call'
  actionpack (4.1.4) lib/action_dispatch/middleware/remote_ip.rb:76:in `call'
  actionpack (4.1.4) lib/action_dispatch/middleware/debug_exceptions.rb:17:in `call'
  actionpack (4.1.4) lib/action_dispatch/middleware/show_exceptions.rb:30:in `call'
  railties (4.1.4) lib/rails/rack/logger.rb:38:in `call_app'
  railties (4.1.4) lib/rails/rack/logger.rb:20:in `block in call'
  activesupport (4.1.4) lib/active_support/tagged_logging.rb:68:in `block in tagged'
  activesupport (4.1.4) lib/active_support/tagged_logging.rb:26:in `tagged'
  activesupport (4.1.4) lib/active_support/tagged_logging.rb:68:in `tagged'
  railties (4.1.4) lib/rails/rack/logger.rb:20:in `call'
  actionpack (4.1.4) lib/action_dispatch/middleware/request_id.rb:21:in `call'
  rack (1.5.2) lib/rack/methodoverride.rb:21:in `call'
  rack (1.5.2) lib/rack/runtime.rb:17:in `call'
  activesupport (4.1.4) lib/active_support/cache/strategy/local_cache_middleware.rb:26:in `call'
  rack (1.5.2) lib/rack/lock.rb:17:in `call'
  actionpack (4.1.4) lib/action_dispatch/middleware/static.rb:64:in `call'
  rack (1.5.2) lib/rack/sendfile.rb:112:in `call'
  railties (4.1.4) lib/rails/engine.rb:514:in `call'
  railties (4.1.4) lib/rails/application.rb:144:in `call'
  rack (1.5.2) lib/rack/lock.rb:17:in `call'
  rack (1.5.2) lib/rack/content_length.rb:14:in `call'
  rack (1.5.2) lib/rack/handler/webrick.rb:60:in `service'
  /System/Library/Frameworks/Ruby.framework/Versions/2.0/usr/lib/ruby/2.0.0/webrick/httpserver.rb:138:in `service'
  /System/Library/Frameworks/Ruby.framework/Versions/2.0/usr/lib/ruby/2.0.0/webrick/httpserver.rb:94:in `run'
  /System/Library/Frameworks/Ruby.framework/Versions/2.0/usr/lib/ruby/2.0.0/webrick/server.rb:295:in `block in start_thread'


  Rendered /Library/Ruby/Gems/2.0.0/gems/actionpack-4.1.4/lib/action_dispatch/middleware/templates/rescues/unknown_action.html.erb within rescues/layout (0.7ms)


Started POST "/articles" for 127.0.0.1 at 2014-09-21 18:18:57 -0700
Processing by ArticlesController#create as HTML
  Parameters: {"utf8"=>"✓", "authenticity_token"=>"5pHdM/6hvjIagOf2Jp/+1i9dlH2dtSB+LtCYK9Haxhw=", "article"=>{"title"=>"Yo", "text"=>"Yo."}, "commit"=>"Save Article"}
  Rendered text template (0.0ms)
Completed 200 OK in 14ms (Views: 13.2ms | ActiveRecord: 0.0ms)
  [1m[36m (1.3ms)[0m  [1mCREATE TABLE "schema_migrations" ("version" varchar(255) NOT NULL) [0m
  [1m[35m (0.1ms)[0m  select sqlite_version(*)
  [1m[36m (1.3ms)[0m  [1mCREATE UNIQUE INDEX "unique_schema_migrations" ON "schema_migrations" ("version")[0m
  [1m[35mActiveRecord::SchemaMigration Load (0.2ms)[0m  SELECT "schema_migrations".* FROM "schema_migrations"
Migrating to CreateArticles (20140922012001)
  [1m[36m (0.1ms)[0m  [1mbegin transaction[0m
  [1m[35m (0.6ms)[0m  CREATE TABLE "articles" ("id" INTEGER PRIMARY KEY AUTOINCREMENT NOT NULL, "title" varchar(255), "text" text, "created_at" datetime, "updated_at" datetime) 
  [1m[36mSQL (0.3ms)[0m  [1mINSERT INTO "schema_migrations" ("version") VALUES (?)[0m  [["version", "20140922012001"]]
  [1m[35m (1.4ms)[0m  commit transaction
  [1m[36mActiveRecord::SchemaMigration Load (0.2ms)[0m  [1mSELECT "schema_migrations".* FROM "schema_migrations"[0m


Started GET "/" for 127.0.0.1 at 2014-09-21 18:28:46 -0700
  [1m[36mActiveRecord::SchemaMigration Load (0.2ms)[0m  [1mSELECT "schema_migrations".* FROM "schema_migrations"[0m
Processing by WelcomeController#index as HTML
  Rendered welcome/index.html.erb within layouts/application (1.8ms)
Completed 200 OK in 230ms (Views: 192.3ms | ActiveRecord: 0.0ms)


Started GET "/assets/turbolinks.js?body=1" for 127.0.0.1 at 2014-09-21 18:28:46 -0700


Started GET "/assets/application.css?body=1" for 127.0.0.1 at 2014-09-21 18:28:46 -0700


Started GET "/assets/welcome.css?body=1" for 127.0.0.1 at 2014-09-21 18:28:46 -0700


Started GET "/assets/jquery_ujs.js?body=1" for 127.0.0.1 at 2014-09-21 18:28:46 -0700


Started GET "/assets/welcome.js?body=1" for 127.0.0.1 at 2014-09-21 18:28:46 -0700


Started GET "/assets/articles.js?body=1" for 127.0.0.1 at 2014-09-21 18:28:46 -0700


Started GET "/assets/jquery.js?body=1" for 127.0.0.1 at 2014-09-21 18:28:46 -0700


Started GET "/assets/application.js?body=1" for 127.0.0.1 at 2014-09-21 18:28:46 -0700


Started GET "/assets/articles.css?body=1" for 127.0.0.1 at 2014-09-21 18:28:46 -0700


Started GET "/articles/new" for 127.0.0.1 at 2014-09-21 18:28:57 -0700
Processing by ArticlesController#new as HTML
  Rendered articles/new.html.erb within layouts/application (22.4ms)
Completed 200 OK in 98ms (Views: 97.0ms | ActiveRecord: 0.0ms)


Started GET "/assets/welcome.css?body=1" for 127.0.0.1 at 2014-09-21 18:28:58 -0700


Started GET "/assets/application.css?body=1" for 127.0.0.1 at 2014-09-21 18:28:58 -0700


Started GET "/assets/jquery_ujs.js?body=1" for 127.0.0.1 at 2014-09-21 18:28:58 -0700


Started GET "/assets/jquery.js?body=1" for 127.0.0.1 at 2014-09-21 18:28:58 -0700


Started GET "/assets/turbolinks.js?body=1" for 127.0.0.1 at 2014-09-21 18:28:58 -0700


Started GET "/assets/articles.css?body=1" for 127.0.0.1 at 2014-09-21 18:28:58 -0700


Started GET "/assets/welcome.js?body=1" for 127.0.0.1 at 2014-09-21 18:28:58 -0700


Started GET "/assets/application.js?body=1" for 127.0.0.1 at 2014-09-21 18:28:58 -0700


Started GET "/assets/articles.js?body=1" for 127.0.0.1 at 2014-09-21 18:28:58 -0700


Started POST "/articles" for 127.0.0.1 at 2014-09-21 18:29:06 -0700
Processing by ArticlesController#create as HTML
  Parameters: {"utf8"=>"✓", "authenticity_token"=>"5pHdM/6hvjIagOf2Jp/+1i9dlH2dtSB+LtCYK9Haxhw=", "article"=>{"title"=>"Hey", "text"=>"I am Kyle."}, "commit"=>"Save Article"}
  [1m[35m (0.2ms)[0m  begin transaction
  [1m[36mSQL (0.8ms)[0m  [1mINSERT INTO "articles" ("created_at", "text", "title", "updated_at") VALUES (?, ?, ?, ?)[0m  [["created_at", "2014-09-22 01:29:06.958485"], ["text", "I am Kyle."], ["title", "Hey"], ["updated_at", "2014-09-22 01:29:06.958485"]]
  [1m[35m (1.6ms)[0m  commit transaction
Redirected to http://localhost:3000/articles/1
Completed 302 Found in 117ms (ActiveRecord: 3.3ms)


Started GET "/articles/1" for 127.0.0.1 at 2014-09-21 18:29:07 -0700
Processing by ArticlesController#show as HTML
  Parameters: {"id"=>"1"}
  Rendered articles/show.html.erb within layouts/application (3.5ms)
Completed 500 Internal Server Error in 7ms

ActionView::Template::Error (undefined method `title' for nil:NilClass):
    1: <p>
    2:   <strong>Title:</strong>
    3:   <%= @article.title %>
    4: </p>
    5: 
    6: <p>
  app/views/articles/show.html.erb:3:in `_app_views_articles_show_html_erb___715609520238658865_70337088634780'


  Rendered /Library/Ruby/Gems/2.0.0/gems/actionpack-4.1.4/lib/action_dispatch/middleware/templates/rescues/_trace.html.erb (2.5ms)
  Rendered /Library/Ruby/Gems/2.0.0/gems/actionpack-4.1.4/lib/action_dispatch/middleware/templates/rescues/_request_and_response.html.erb (1.6ms)
  Rendered /Library/Ruby/Gems/2.0.0/gems/actionpack-4.1.4/lib/action_dispatch/middleware/templates/rescues/template_error.html.erb within rescues/layout (25.9ms)


Started POST "/articles" for 127.0.0.1 at 2014-09-21 18:30:40 -0700
Processing by ArticlesController#create as HTML
  Parameters: {"utf8"=>"✓", "authenticity_token"=>"5pHdM/6hvjIagOf2Jp/+1i9dlH2dtSB+LtCYK9Haxhw=", "article"=>{"title"=>"Hey", "text"=>"I "}, "commit"=>"Save Article"}
  [1m[36m (0.1ms)[0m  [1mbegin transaction[0m
  [1m[35mSQL (0.5ms)[0m  INSERT INTO "articles" ("created_at", "text", "title", "updated_at") VALUES (?, ?, ?, ?)  [["created_at", "2014-09-22 01:30:40.151522"], ["text", "I "], ["title", "Hey"], ["updated_at", "2014-09-22 01:30:40.151522"]]
  [1m[36m (1.6ms)[0m  [1mcommit transaction[0m
Redirected to http://localhost:3000/articles/2
Completed 302 Found in 15ms (ActiveRecord: 2.2ms)


Started GET "/articles/2" for 127.0.0.1 at 2014-09-21 18:30:40 -0700
Processing by ArticlesController#show as HTML
  Parameters: {"id"=>"2"}
  Rendered articles/show.html.erb within layouts/application (1.3ms)
Completed 500 Internal Server Error in 6ms

ActionView::Template::Error (undefined method `title' for nil:NilClass):
    1: <p>
    2:   <strong>Title:</strong>
    3:   <%= @article.title %>
    4: </p>
    5: 
    6: <p>
  app/views/articles/show.html.erb:3:in `_app_views_articles_show_html_erb___715609520238658865_70337088634780'


  Rendered /Library/Ruby/Gems/2.0.0/gems/actionpack-4.1.4/lib/action_dispatch/middleware/templates/rescues/_trace.html.erb (2.0ms)
  Rendered /Library/Ruby/Gems/2.0.0/gems/actionpack-4.1.4/lib/action_dispatch/middleware/templates/rescues/_request_and_response.html.erb (1.7ms)
  Rendered /Library/Ruby/Gems/2.0.0/gems/actionpack-4.1.4/lib/action_dispatch/middleware/templates/rescues/template_error.html.erb within rescues/layout (24.3ms)


Started GET "/articles/new" for 127.0.0.1 at 2014-09-21 18:48:43 -0700
  [1m[36mActiveRecord::SchemaMigration Load (0.2ms)[0m  [1mSELECT "schema_migrations".* FROM "schema_migrations"[0m
Processing by ArticlesController#new as HTML
  Rendered articles/new.html.erb within layouts/application (18.1ms)
Completed 200 OK in 226ms (Views: 189.0ms | ActiveRecord: 0.0ms)


Started GET "/assets/welcome.css?body=1" for 127.0.0.1 at 2014-09-21 18:48:43 -0700


Started GET "/assets/articles.js?body=1" for 127.0.0.1 at 2014-09-21 18:48:43 -0700


Started GET "/assets/jquery.js?body=1" for 127.0.0.1 at 2014-09-21 18:48:43 -0700


Started GET "/assets/application.css?body=1" for 127.0.0.1 at 2014-09-21 18:48:43 -0700


Started GET "/assets/jquery_ujs.js?body=1" for 127.0.0.1 at 2014-09-21 18:48:43 -0700


Started GET "/assets/articles.css?body=1" for 127.0.0.1 at 2014-09-21 18:48:43 -0700


Started GET "/assets/turbolinks.js?body=1" for 127.0.0.1 at 2014-09-21 18:48:43 -0700


Started GET "/assets/application.js?body=1" for 127.0.0.1 at 2014-09-21 18:48:43 -0700


Started GET "/assets/welcome.js?body=1" for 127.0.0.1 at 2014-09-21 18:48:43 -0700


Started GET "/articles" for 127.0.0.1 at 2014-09-21 18:48:46 -0700
Processing by ArticlesController#index as HTML
  Rendered articles/index.html.erb within layouts/application (4.1ms)
Completed 500 Internal Server Error in 8ms

ActionView::Template::Error (undefined method `each' for nil:NilClass):
     8:     <th>Text</th>
     9:   </tr>
    10: 
    11:   <% @articles.each do |article| %>
    12:     <tr>
    13:       <td><%= article.title %></td>
    14:       <td><%= article.text %></td>
  app/views/articles/index.html.erb:11:in `_app_views_articles_index_html_erb__226795768934534903_70255987622600'


  Rendered /Library/Ruby/Gems/2.0.0/gems/actionpack-4.1.4/lib/action_dispatch/middleware/templates/rescues/_trace.html.erb (2.1ms)
  Rendered /Library/Ruby/Gems/2.0.0/gems/actionpack-4.1.4/lib/action_dispatch/middleware/templates/rescues/_request_and_response.html.erb (1.5ms)
  Rendered /Library/Ruby/Gems/2.0.0/gems/actionpack-4.1.4/lib/action_dispatch/middleware/templates/rescues/template_error.html.erb within rescues/layout (23.7ms)


Started GET "/articles" for 127.0.0.1 at 2014-09-21 18:48:46 -0700
Processing by ArticlesController#index as HTML
  Rendered articles/index.html.erb within layouts/application (2.1ms)
Completed 500 Internal Server Error in 5ms

ActionView::Template::Error (undefined method `each' for nil:NilClass):
     8:     <th>Text</th>
     9:   </tr>
    10: 
    11:   <% @articles.each do |article| %>
    12:     <tr>
    13:       <td><%= article.title %></td>
    14:       <td><%= article.text %></td>
  app/views/articles/index.html.erb:11:in `_app_views_articles_index_html_erb__226795768934534903_70255969966860'


  Rendered /Library/Ruby/Gems/2.0.0/gems/actionpack-4.1.4/lib/action_dispatch/middleware/templates/rescues/_trace.html.erb (2.0ms)
  Rendered /Library/Ruby/Gems/2.0.0/gems/actionpack-4.1.4/lib/action_dispatch/middleware/templates/rescues/_request_and_response.html.erb (1.5ms)
  Rendered /Library/Ruby/Gems/2.0.0/gems/actionpack-4.1.4/lib/action_dispatch/middleware/templates/rescues/template_error.html.erb within rescues/layout (25.5ms)


Started GET "/" for 127.0.0.1 at 2014-09-21 18:50:35 -0700
Processing by WelcomeController#index as HTML
  Rendered welcome/index.html.erb within layouts/application (1.5ms)
Completed 200 OK in 131ms (Views: 129.6ms | ActiveRecord: 0.0ms)
  [1m[36mActiveRecord::SchemaMigration Load (0.2ms)[0m  [1mSELECT "schema_migrations".* FROM "schema_migrations"[0m
Migrating to CreateComments (20140922032754)
  [1m[35m (0.1ms)[0m  begin transaction
  [1m[36m (0.8ms)[0m  [1mCREATE TABLE "comments" ("id" INTEGER PRIMARY KEY AUTOINCREMENT NOT NULL, "comment" varchar(255), "body" text, "article_id" integer, "created_at" datetime, "updated_at" datetime) [0m
  [1m[35m (0.1ms)[0m  select sqlite_version(*)
  [1m[36m (0.2ms)[0m  [1mCREATE  INDEX "index_comments_on_article_id" ON "comments" ("article_id")[0m
  [1m[35mSQL (0.3ms)[0m  INSERT INTO "schema_migrations" ("version") VALUES (?)  [["version", "20140922032754"]]
  [1m[36m (1.4ms)[0m  [1mcommit transaction[0m
  [1m[35mActiveRecord::SchemaMigration Load (0.2ms)[0m  SELECT "schema_migrations".* FROM "schema_migrations"
  [1m[36m (0.2ms)[0m  [1m            SELECT sql
            FROM sqlite_master
            WHERE name='index_comments_on_article_id' AND type='index'
            UNION ALL
            SELECT sql
            FROM sqlite_temp_master
            WHERE name='index_comments_on_article_id' AND type='index'
[0m
